#
# A fatal error has been detected by the Java Runtime Environment:
#
#  EXCEPTION_STACK_OVERFLOW (0xc00000fd) at pc=0x00007ff8ebfd26a7, pid=11884, tid=13804
#
# JRE version: Java(TM) SE Runtime Environment 18.9 (11.0.13+10) (build 11.0.13+10-LTS-370)
# Java VM: Java HotSpot(TM) 64-Bit Server VM 18.9 (11.0.13+10-LTS-370, mixed mode, tiered, compressed oops, g1 gc, windows-amd64)
# Problematic frame:
# V  [jvm.dll+0x3626a7]
#
# No core dump will be written. Minidumps are not enabled by default on client versions of Windows
#
# If you would like to submit a bug report, please visit:
#   https://bugreport.java.com/bugreport/crash.jsp
#

---------------  S U M M A R Y ------------

Command Line: -Xms64m -Xmx64m -XX:TieredStopAtLevel=1 -Xverify:none -Dspring.output.ansi.enabled=always -Dcom.sun.management.jmxremote -Dspring.jmx.enabled=true -Dspring.liveBeansView.mbeanDomain -Dspring.application.admin.enabled=true -javaagent:E:\Program Files\JetBrains\IntelliJ IDEA 2020.1.2\lib\idea_rt.jar=56339:E:\Program Files\JetBrains\IntelliJ IDEA 2020.1.2\bin -Dfile.encoding=UTF-8 com.atguigu.thirdparty.ThirdPartyApplication

Host: AMD A8-7410 APU with AMD Radeon R5 Graphics    , 4 cores, 14G,  Windows 10 , 64 bit Build 19041 (10.0.19041.1566)
Time: Wed Apr  6 09:03:13 2022 中国标准时间 elapsed time: 74472.806941 seconds (0d 20h 41m 12s)

---------------  T H R E A D  ---------------

Current thread (0x00000221fddec000):  JavaThread "Keep-Alive-Timer" daemon [_thread_in_vm, id=13804, stack(0x000000997b700000,0x000000997b800000)]

Stack: [0x000000997b700000,0x000000997b800000],  sp=0x000000997b7ff6c0,  free space=1021k
Native frames: (J=compiled Java code, j=interpreted, Vv=VM code, C=native code)
V  [jvm.dll+0x3626a7]
V  [jvm.dll+0x628632]
V  [jvm.dll+0x36316a]
V  [jvm.dll+0x3633f7]
V  [jvm.dll+0x3dc4e1]
V  [jvm.dll+0x727e70]
V  [jvm.dll+0x720a54]
V  [jvm.dll+0x627606]
C  [ucrtbase.dll+0x21bb2]
C  [KERNEL32.DLL+0x17034]
C  [ntdll.dll+0x52651]


siginfo: EXCEPTION_STACK_OVERFLOW (0xc00000fd), ExceptionInformation=0x0000000000000001 0x000000997b7fa6c0 


Register to memory mapping:

RIP=0x00007ff8ebfd26a7 jvm.dll
RAX=0x0000000000000003 is an unknown value
RBX=0x000000997b7fa6c0 is pointing into the stack for thread: 0x00000221fddec000
RCX=0x0000000000001000 is an unknown value
RDX=0x0 is NULL
RSP=0x000000997b7ff6c0 is pointing into the stack for thread: 0x00000221fddec000
RBP=0x000000997b7ff7c0 is pointing into the stack for thread: 0x00000221fddec000
RSI=0x000000997b7ff950 is pointing into the stack for thread: 0x00000221fddec000
RDI=0x00000221fc86f2e0 points into unknown readable memory: 0x00000000ff78e870 | 70 e8 78 ff 00 00 00 00
R8 =0x000000997b7ff6c0 is pointing into the stack for thread: 0x00000221fddec000
R9 =0x00000221fddec000 is a thread
R10=0x000000997b7ff870 is pointing into the stack for thread: 0x00000221fddec000
R11=0x000000997b7ffa20 is pointing into the stack for thread: 0x00000221fddec000
R12=0x000000997b7ffa20 is pointing into the stack for thread: 0x00000221fddec000
R13=0x000000997b7ff870 is pointing into the stack for thread: 0x00000221fddec000
R14=0x00000221fddec000 is a thread
R15=0x000000000000000a is an unknown value


Registers:
RAX=0x0000000000000003, RBX=0x000000997b7fa6c0, RCX=0x0000000000001000, RDX=0x0000000000000000
RSP=0x000000997b7ff6c0, RBP=0x000000997b7ff7c0, RSI=0x000000997b7ff950, RDI=0x00000221fc86f2e0
R8 =0x000000997b7ff6c0, R9 =0x00000221fddec000, R10=0x000000997b7ff870, R11=0x000000997b7ffa20
R12=0x000000997b7ffa20, R13=0x000000997b7ff870, R14=0x00000221fddec000, R15=0x000000000000000a
RIP=0x00007ff8ebfd26a7, EFLAGS=0x0000000000010206

Top of Stack: (sp=0x000000997b7ff6c0)
0x000000997b7ff6c0:   000000997b7ff6c0 000000997b7ff950
0x000000997b7ff6d0:   00007ff924a92200 00007ff927a27955
0x000000997b7ff6e0:   00007ff927b7a4d0 0000009979b5c000
0x000000997b7ff6f0:   0000009979b5c000 00007ff924a92200
0x000000997b7ff700:   00000221fc4dce50 00007ff924a92200
0x000000997b7ff710:   000000997b7ff788 00007ff8ebf9a596
0x000000997b7ff720:   000000997b7ff8e0 0000000000000005
0x000000997b7ff730:   0000000000000070 ffffffffffffffff
0x000000997b7ff740:   000000997b7ff820 00007ff8ec190c5e
0x000000997b7ff750:   00000221fddec000 00000221fddec000
0x000000997b7ff760:   000000997b7ff650 0000000000000000
0x000000997b7ff770:   0000000000000000 0000000000000000
0x000000997b7ff780:   00000221fc86f2e0 00000221fb853160
0x000000997b7ff790:   00000221fddec000 00000221fb853160
0x000000997b7ff7a0:   00000221fddec000 000000997b7ff8c0
0x000000997b7ff7b0:   000000997b7ff8c0 0000000000000000 

Instructions: (pc=0x00007ff8ebfd26a7)
0x00007ff8ebfd2687:   08 02 00 00 48 63 0d 26 51 6f 00 33 d2 48 8b 05
0x00007ff8ebfd2697:   e5 23 71 00 48 f7 f1 48 83 f8 01 72 0c 48 2b d9
0x00007ff8ebfd26a7:   c6 03 00 48 83 e8 01 75 f4 4d 8b cc 4c 89 74 24
0x00007ff8ebfd26b7:   20 4c 8b c7 48 8d 4c 24 40 49 8b d5 e8 18 fb ff 


Stack slot to memory mapping:
stack at sp + 0 slots: 0x000000997b7ff6c0 is pointing into the stack for thread: 0x00000221fddec000
stack at sp + 1 slots: 0x000000997b7ff950 is pointing into the stack for thread: 0x00000221fddec000
stack at sp + 2 slots: 0x00007ff924a92200 CRYPTBASE.dll
stack at sp + 3 slots: 0x00007ff927a27955 ntdll.dll
stack at sp + 4 slots: 0x00007ff927b7a4d0 ntdll.dll
stack at sp + 5 slots: 0x0000009979b5c000 points into unknown readable memory: 0x0000000004000000 | 00 00 00 04 00 00 00 00
stack at sp + 6 slots: 0x0000009979b5c000 points into unknown readable memory: 0x0000000004000000 | 00 00 00 04 00 00 00 00
stack at sp + 7 slots: 0x00007ff924a92200 CRYPTBASE.dll


---------------  P R O C E S S  ---------------

Threads class SMR info:
_java_thread_list=0x00000221fc4603e0, length=45, elements={
0x00000221fbde1000, 0x00000221fbde2800, 0x00000221fbe52000, 0x00000221fbe55000,
0x00000221fbe57000, 0x00000221fbe5d800, 0x00000221fbe60800, 0x00000221fbd93800,
0x00000221fc3a6800, 0x00000221fc57b000, 0x00000221fd9ea000, 0x00000221fd9e9000,
0x00000221fd9e4000, 0x00000221fd9e6000, 0x00000221fd9e7800, 0x00000221fd9e6800,
0x00000221fd9eb000, 0x00000221fd9e5000, 0x00000221fd9e8800, 0x00000221fdb0f000,
0x00000221fdb10000, 0x00000221fdb0e000, 0x00000221fdb13000, 0x00000221fdb11800,
0x00000221fdb12800, 0x00000221fdb16800, 0x00000221fdb14000, 0x00000221fdb15800,
0x00000221fdb15000, 0x00000221fdb10800, 0x00000221fdb19800, 0x00000221fdb1b800,
0x00000221fdb1d000, 0x00000221fdb1a800, 0x00000221fdb17000, 0x00000221fdb18000,
0x00000221fdde9800, 0x00000221fdde9000, 0x00000221fdde5800, 0x00000221fddea800,
0x00000221fdde7000, 0x00000221fdde8000, 0x00000221fdde4800, 0x00000221fddeb800,
0x00000221fddec000
}

Java Threads: ( => current thread )
  0x00000221fbde1000 JavaThread "Reference Handler" daemon [_thread_blocked, id=14256, stack(0x000000997a500000,0x000000997a600000)]
  0x00000221fbde2800 JavaThread "Finalizer" daemon [_thread_blocked, id=18632, stack(0x000000997a600000,0x000000997a700000)]
  0x00000221fbe52000 JavaThread "Signal Dispatcher" daemon [_thread_blocked, id=20940, stack(0x000000997a700000,0x000000997a800000)]
  0x00000221fbe55000 JavaThread "Attach Listener" daemon [_thread_blocked, id=22544, stack(0x000000997a800000,0x000000997a900000)]
  0x00000221fbe57000 JavaThread "Service Thread" daemon [_thread_blocked, id=23040, stack(0x000000997a900000,0x000000997aa00000)]
  0x00000221fbe5d800 JavaThread "C1 CompilerThread0" daemon [_thread_blocked, id=3968, stack(0x000000997aa00000,0x000000997ab00000)]
  0x00000221fbe60800 JavaThread "Sweeper thread" daemon [_thread_blocked, id=9920, stack(0x000000997ab00000,0x000000997ac00000)]
  0x00000221fbd93800 JavaThread "Common-Cleaner" daemon [_thread_blocked, id=19180, stack(0x000000997ac00000,0x000000997ad00000)]
  0x00000221fc3a6800 JavaThread "Monitor Ctrl-Break" daemon [_thread_in_native, id=12060, stack(0x000000997ad00000,0x000000997ae00000)]
  0x00000221fc57b000 JavaThread "RMI TCP Accept-0" daemon [_thread_in_native, id=9496, stack(0x000000997ae00000,0x000000997af00000)]
  0x00000221fd9ea000 JavaThread "Catalina-utility-1" [_thread_blocked, id=15040, stack(0x000000997b200000,0x000000997b300000)]
  0x00000221fd9e9000 JavaThread "Catalina-utility-2" [_thread_blocked, id=16404, stack(0x000000997b500000,0x000000997b600000)]
  0x00000221fd9e4000 JavaThread "container-0" [_thread_blocked, id=13172, stack(0x000000997b600000,0x000000997b700000)]
  0x00000221fd9e6000 JavaThread "spring.cloud.inetutils" daemon [_thread_blocked, id=23220, stack(0x000000997b900000,0x000000997ba00000)]
  0x00000221fd9e7800 JavaThread "logback-1" daemon [_thread_blocked, id=12844, stack(0x000000997ba00000,0x000000997bb00000)]
  0x00000221fd9e6800 JavaThread "com.alibaba.nacos.naming.client.listener" daemon [_thread_blocked, id=18120, stack(0x000000997bb00000,0x000000997bc00000)]
  0x00000221fd9eb000 JavaThread "com.alibaba.nacos.naming.failover" daemon [_thread_blocked, id=13068, stack(0x000000997bc00000,0x000000997bd00000)]
  0x00000221fd9e5000 JavaThread "com.alibaba.nacos.naming.push.receiver" daemon [_thread_in_native, id=12232, stack(0x000000997bd00000,0x000000997be00000)]
  0x00000221fd9e8800 JavaThread "ThreadPoolTaskScheduler-1" [_thread_blocked, id=1092, stack(0x000000997be00000,0x000000997bf00000)]
  0x00000221fdb0f000 JavaThread "http-nio-7000-BlockPoller" daemon [_thread_in_native, id=17272, stack(0x000000997bf00000,0x000000997c000000)]
  0x00000221fdb10000 JavaThread "http-nio-7000-exec-1" daemon [_thread_blocked, id=6904, stack(0x000000997c000000,0x000000997c100000)]
  0x00000221fdb0e000 JavaThread "http-nio-7000-exec-2" daemon [_thread_blocked, id=11416, stack(0x000000997c100000,0x000000997c200000)]
  0x00000221fdb13000 JavaThread "http-nio-7000-exec-3" daemon [_thread_blocked, id=19004, stack(0x000000997c200000,0x000000997c300000)]
  0x00000221fdb11800 JavaThread "http-nio-7000-exec-4" daemon [_thread_blocked, id=9248, stack(0x000000997c300000,0x000000997c400000)]
  0x00000221fdb12800 JavaThread "http-nio-7000-exec-5" daemon [_thread_blocked, id=16492, stack(0x000000997c400000,0x000000997c500000)]
  0x00000221fdb16800 JavaThread "http-nio-7000-exec-6" daemon [_thread_blocked, id=18528, stack(0x000000997c500000,0x000000997c600000)]
  0x00000221fdb14000 JavaThread "http-nio-7000-exec-7" daemon [_thread_blocked, id=8620, stack(0x000000997c600000,0x000000997c700000)]
  0x00000221fdb15800 JavaThread "http-nio-7000-exec-8" daemon [_thread_blocked, id=14344, stack(0x000000997c700000,0x000000997c800000)]
  0x00000221fdb15000 JavaThread "http-nio-7000-exec-9" daemon [_thread_blocked, id=12116, stack(0x000000997c800000,0x000000997c900000)]
  0x00000221fdb10800 JavaThread "http-nio-7000-exec-10" daemon [_thread_blocked, id=2052, stack(0x000000997c900000,0x000000997ca00000)]
  0x00000221fdb19800 JavaThread "http-nio-7000-ClientPoller" daemon [_thread_in_native, id=3288, stack(0x000000997ca00000,0x000000997cb00000)]
  0x00000221fdb1b800 JavaThread "http-nio-7000-Acceptor" daemon [_thread_in_native, id=15696, stack(0x000000997cb00000,0x000000997cc00000)]
  0x00000221fdb1d000 JavaThread "com.alibaba.nacos.naming.beat.sender" daemon [_thread_blocked, id=3776, stack(0x000000997cc00000,0x000000997cd00000)]
  0x00000221fdb1a800 JavaThread "Timer-0" daemon [_thread_blocked, id=17112, stack(0x000000997cd00000,0x000000997ce00000)]
  0x00000221fdb17000 JavaThread "DestroyJavaVM" [_thread_blocked, id=11980, stack(0x0000009979e00000,0x0000009979f00000)]
  0x00000221fdb18000 JavaThread "RMI Scheduler(0)" daemon [_thread_blocked, id=22488, stack(0x000000997d100000,0x000000997d200000)]
  0x00000221fdde9800 JavaThread "com.alibaba.nacos.naming.beat.sender" daemon [_thread_blocked, id=12544, stack(0x000000997d300000,0x000000997d400000)]
  0x00000221fdde9000 JavaThread "logback-2" daemon [_thread_blocked, id=21768, stack(0x0000009979d00000,0x0000009979e00000)]
  0x00000221fdde5800 JavaThread "logback-3" daemon [_thread_blocked, id=20676, stack(0x000000997d200000,0x000000997d300000)]
  0x00000221fddea800 JavaThread "logback-4" daemon [_thread_blocked, id=14500, stack(0x0000009979c00000,0x0000009979d00000)]
  0x00000221fdde7000 JavaThread "logback-5" daemon [_thread_blocked, id=16888, stack(0x000000997cf00000,0x000000997d000000)]
  0x00000221fdde8000 JavaThread "logback-6" daemon [_thread_blocked, id=9744, stack(0x000000997d000000,0x000000997d100000)]
  0x00000221fdde4800 JavaThread "logback-7" daemon [_thread_blocked, id=14268, stack(0x000000997b800000,0x000000997b900000)]
  0x00000221fddeb800 JavaThread "logback-8" daemon [_thread_blocked, id=15784, stack(0x000000997d400000,0x000000997d500000)]
=>0x00000221fddec000 JavaThread "Keep-Alive-Timer" daemon [_thread_in_vm, id=13804, stack(0x000000997b700000,0x000000997b800000)]

Other Threads:
  0x00000221fbdba000 VMThread "VM Thread" [stack: 0x000000997a400000,0x000000997a500000] [id=12820]
  0x00000221fc574000 WatcherThread [stack: 0x000000997af00000,0x000000997b000000] [id=15340]
  0x00000221e293f000 GCTaskThread "GC Thread#0" [stack: 0x0000009979f00000,0x000000997a000000] [id=7076]
  0x00000221fc619800 GCTaskThread "GC Thread#1" [stack: 0x000000997b000000,0x000000997b100000] [id=11220]
  0x00000221fd55d000 GCTaskThread "GC Thread#2" [stack: 0x000000997b300000,0x000000997b400000] [id=10936]
  0x00000221fd4ab800 GCTaskThread "GC Thread#3" [stack: 0x000000997b400000,0x000000997b500000] [id=20692]
  0x00000221e2945800 ConcurrentGCThread "G1 Main Marker" [stack: 0x000000997a000000,0x000000997a100000] [id=21540]
  0x00000221e2948000 ConcurrentGCThread "G1 Conc#0" [stack: 0x000000997a100000,0x000000997a200000] [id=9868]
  0x00000221e2997800 ConcurrentGCThread "G1 Refine#0" [stack: 0x000000997a200000,0x000000997a300000] [id=19924]
  0x00000221fc644800 ConcurrentGCThread "G1 Refine#1" [stack: 0x000000997b100000,0x000000997b200000] [id=19072]
  0x00000221e2998800 ConcurrentGCThread "G1 Young RemSet Sampling" [stack: 0x000000997a300000,0x000000997a400000] [id=15588]

Threads with active compile tasks:

VM state:not at safepoint (normal execution)

VM Mutex/Monitor currently owned by a thread: None

Heap address: 0x00000000fc000000, size: 64 MB, Compressed Oops mode: 32-bit
Narrow klass base: 0x0000000000000000, Narrow klass shift: 3
Compressed class space size: 1073741824 Address: 0x0000000100000000

Heap:
 garbage-first heap   total 65536K, used 24272K [0x00000000fc000000, 0x0000000100000000)
  region size 1024K, 10 young (10240K), 1 survivors (1024K)
 Metaspace       used 38036K, capacity 39279K, committed 39452K, reserved 1083392K
  class space    used 4651K, capacity 5121K, committed 5228K, reserved 1048576K
Heap Regions: E=young(eden), S=young(survivor), O=old, HS=humongous(starts), HC=humongous(continues), CS=collection set, F=free, A=archive, TAMS=top-at-mark-start (previous, next)
|   0|0x00000000fc000000, 0x00000000fc100000, 0x00000000fc100000|100%| O|  |TAMS 0x00000000fc100000, 0x00000000fc000000| Untracked 
|   1|0x00000000fc100000, 0x00000000fc200000, 0x00000000fc200000|100%| O|  |TAMS 0x00000000fc200000, 0x00000000fc100000| Untracked 
|   2|0x00000000fc200000, 0x00000000fc300000, 0x00000000fc300000|100%| O|  |TAMS 0x00000000fc300000, 0x00000000fc200000| Untracked 
|   3|0x00000000fc300000, 0x00000000fc400000, 0x00000000fc400000|100%| O|  |TAMS 0x00000000fc400000, 0x00000000fc300000| Untracked 
|   4|0x00000000fc400000, 0x00000000fc500000, 0x00000000fc500000|100%| O|  |TAMS 0x00000000fc500000, 0x00000000fc400000| Untracked 
|   5|0x00000000fc500000, 0x00000000fc600000, 0x00000000fc600000|100%| O|  |TAMS 0x00000000fc600000, 0x00000000fc500000| Untracked 
|   6|0x00000000fc600000, 0x00000000fc700000, 0x00000000fc700000|100%| O|  |TAMS 0x00000000fc700000, 0x00000000fc600000| Untracked 
|   7|0x00000000fc700000, 0x00000000fc800000, 0x00000000fc800000|100%| O|  |TAMS 0x00000000fc800000, 0x00000000fc700000| Untracked 
|   8|0x00000000fc800000, 0x00000000fc900000, 0x00000000fc900000|100%| O|  |TAMS 0x00000000fc900000, 0x00000000fc800000| Untracked 
|   9|0x00000000fc900000, 0x00000000fca00000, 0x00000000fca00000|100%| O|  |TAMS 0x00000000fca00000, 0x00000000fc900000| Untracked 
|  10|0x00000000fca00000, 0x00000000fcb00000, 0x00000000fcb00000|100%| O|  |TAMS 0x00000000fcb00000, 0x00000000fca00000| Untracked 
|  11|0x00000000fcb00000, 0x00000000fcc00000, 0x00000000fcc00000|100%| O|  |TAMS 0x00000000fcc00000, 0x00000000fcb00000| Untracked 
|  12|0x00000000fcc00000, 0x00000000fcd00000, 0x00000000fcd00000|100%| O|  |TAMS 0x00000000fcc69000, 0x00000000fcc00000| Untracked 
|  13|0x00000000fcd00000, 0x00000000fce00000, 0x00000000fce00000|100%| O|  |TAMS 0x00000000fcd00000, 0x00000000fcd00000| Untracked 
|  14|0x00000000fce00000, 0x00000000fcf00000, 0x00000000fcf00000|100%| O|  |TAMS 0x00000000fce00000, 0x00000000fce00000| Untracked 
|  15|0x00000000fcf00000, 0x00000000fcfb0800, 0x00000000fd000000| 68%| O|  |TAMS 0x00000000fcf00000, 0x00000000fcf00000| Untracked 
|  16|0x00000000fd000000, 0x00000000fd000000, 0x00000000fd100000|  0%| F|  |TAMS 0x00000000fd000000, 0x00000000fd000000| Untracked 
|  17|0x00000000fd100000, 0x00000000fd100000, 0x00000000fd200000|  0%| F|  |TAMS 0x00000000fd100000, 0x00000000fd100000| Untracked 
|  18|0x00000000fd200000, 0x00000000fd200000, 0x00000000fd300000|  0%| F|  |TAMS 0x00000000fd200000, 0x00000000fd200000| Untracked 
|  19|0x00000000fd300000, 0x00000000fd300000, 0x00000000fd400000|  0%| F|  |TAMS 0x00000000fd300000, 0x00000000fd300000| Untracked 
|  20|0x00000000fd400000, 0x00000000fd400000, 0x00000000fd500000|  0%| F|  |TAMS 0x00000000fd400000, 0x00000000fd400000| Untracked 
|  21|0x00000000fd500000, 0x00000000fd500000, 0x00000000fd600000|  0%| F|  |TAMS 0x00000000fd500000, 0x00000000fd500000| Untracked 
|  22|0x00000000fd600000, 0x00000000fd600000, 0x00000000fd700000|  0%| F|  |TAMS 0x00000000fd600000, 0x00000000fd600000| Untracked 
|  23|0x00000000fd700000, 0x00000000fd700000, 0x00000000fd800000|  0%| F|  |TAMS 0x00000000fd700000, 0x00000000fd700000| Untracked 
|  24|0x00000000fd800000, 0x00000000fd800000, 0x00000000fd900000|  0%| F|  |TAMS 0x00000000fd800000, 0x00000000fd800000| Untracked 
|  25|0x00000000fd900000, 0x00000000fd900000, 0x00000000fda00000|  0%| F|  |TAMS 0x00000000fd900000, 0x00000000fd900000| Untracked 
|  26|0x00000000fda00000, 0x00000000fda03870, 0x00000000fdb00000|  1%| S|CS|TAMS 0x00000000fda00000, 0x00000000fda00000| Complete 
|  27|0x00000000fdb00000, 0x00000000fdb00000, 0x00000000fdc00000|  0%| F|  |TAMS 0x00000000fdb00000, 0x00000000fdb00000| Untracked 
|  28|0x00000000fdc00000, 0x00000000fdc00000, 0x00000000fdd00000|  0%| F|  |TAMS 0x00000000fdc00000, 0x00000000fdc00000| Untracked 
|  29|0x00000000fdd00000, 0x00000000fdd00000, 0x00000000fde00000|  0%| F|  |TAMS 0x00000000fdd00000, 0x00000000fdd00000| Untracked 
|  30|0x00000000fde00000, 0x00000000fde00000, 0x00000000fdf00000|  0%| F|  |TAMS 0x00000000fde00000, 0x00000000fde00000| Untracked 
|  31|0x00000000fdf00000, 0x00000000fdf00000, 0x00000000fe000000|  0%| F|  |TAMS 0x00000000fdf00000, 0x00000000fdf00000| Untracked 
|  32|0x00000000fe000000, 0x00000000fe000000, 0x00000000fe100000|  0%| F|  |TAMS 0x00000000fe000000, 0x00000000fe000000| Untracked 
|  33|0x00000000fe100000, 0x00000000fe100000, 0x00000000fe200000|  0%| F|  |TAMS 0x00000000fe100000, 0x00000000fe100000| Untracked 
|  34|0x00000000fe200000, 0x00000000fe200000, 0x00000000fe300000|  0%| F|  |TAMS 0x00000000fe200000, 0x00000000fe200000| Untracked 
|  35|0x00000000fe300000, 0x00000000fe300000, 0x00000000fe400000|  0%| F|  |TAMS 0x00000000fe300000, 0x00000000fe300000| Untracked 
|  36|0x00000000fe400000, 0x00000000fe400000, 0x00000000fe500000|  0%| F|  |TAMS 0x00000000fe400000, 0x00000000fe400000| Untracked 
|  37|0x00000000fe500000, 0x00000000fe500000, 0x00000000fe600000|  0%| F|  |TAMS 0x00000000fe500000, 0x00000000fe500000| Untracked 
|  38|0x00000000fe600000, 0x00000000fe600000, 0x00000000fe700000|  0%| F|  |TAMS 0x00000000fe600000, 0x00000000fe600000| Untracked 
|  39|0x00000000fe700000, 0x00000000fe700000, 0x00000000fe800000|  0%| F|  |TAMS 0x00000000fe700000, 0x00000000fe700000| Untracked 
|  40|0x00000000fe800000, 0x00000000fe800000, 0x00000000fe900000|  0%| F|  |TAMS 0x00000000fe800000, 0x00000000fe800000| Untracked 
|  41|0x00000000fe900000, 0x00000000fe900000, 0x00000000fea00000|  0%| F|  |TAMS 0x00000000fe900000, 0x00000000fe900000| Untracked 
|  42|0x00000000fea00000, 0x00000000fea00000, 0x00000000feb00000|  0%| F|  |TAMS 0x00000000fea00000, 0x00000000fea00000| Untracked 
|  43|0x00000000feb00000, 0x00000000feb00000, 0x00000000fec00000|  0%| F|  |TAMS 0x00000000feb00000, 0x00000000feb00000| Untracked 
|  44|0x00000000fec00000, 0x00000000fec00000, 0x00000000fed00000|  0%| F|  |TAMS 0x00000000fec00000, 0x00000000fec00000| Untracked 
|  45|0x00000000fed00000, 0x00000000fed00000, 0x00000000fee00000|  0%| F|  |TAMS 0x00000000fed00000, 0x00000000fed00000| Untracked 
|  46|0x00000000fee00000, 0x00000000fee00000, 0x00000000fef00000|  0%| F|  |TAMS 0x00000000fee00000, 0x00000000fee00000| Untracked 
|  47|0x00000000fef00000, 0x00000000fef00000, 0x00000000ff000000|  0%| F|  |TAMS 0x00000000fef00000, 0x00000000fef00000| Untracked 
|  48|0x00000000ff000000, 0x00000000ff000000, 0x00000000ff100000|  0%| F|  |TAMS 0x00000000ff000000, 0x00000000ff000000| Untracked 
|  49|0x00000000ff100000, 0x00000000ff100000, 0x00000000ff200000|  0%| F|  |TAMS 0x00000000ff100000, 0x00000000ff100000| Untracked 
|  50|0x00000000ff200000, 0x00000000ff200000, 0x00000000ff300000|  0%| F|  |TAMS 0x00000000ff200000, 0x00000000ff200000| Untracked 
|  51|0x00000000ff300000, 0x00000000ff300000, 0x00000000ff400000|  0%| F|  |TAMS 0x00000000ff300000, 0x00000000ff300000| Untracked 
|  52|0x00000000ff400000, 0x00000000ff400000, 0x00000000ff500000|  0%| F|  |TAMS 0x00000000ff400000, 0x00000000ff400000| Untracked 
|  53|0x00000000ff500000, 0x00000000ff500000, 0x00000000ff600000|  0%| F|  |TAMS 0x00000000ff500000, 0x00000000ff500000| Untracked 
|  54|0x00000000ff600000, 0x00000000ff600000, 0x00000000ff700000|  0%| F|  |TAMS 0x00000000ff600000, 0x00000000ff600000| Untracked 
|  55|0x00000000ff700000, 0x00000000ff7cfa48, 0x00000000ff800000| 81%| E|  |TAMS 0x00000000ff700000, 0x00000000ff700000| Complete 
|  56|0x00000000ff800000, 0x00000000ff900000, 0x00000000ff900000|100%| E|CS|TAMS 0x00000000ff800000, 0x00000000ff800000| Complete 
|  57|0x00000000ff900000, 0x00000000ffa00000, 0x00000000ffa00000|100%| E|CS|TAMS 0x00000000ff900000, 0x00000000ff900000| Complete 
|  58|0x00000000ffa00000, 0x00000000ffb00000, 0x00000000ffb00000|100%| E|CS|TAMS 0x00000000ffa00000, 0x00000000ffa00000| Complete 
|  59|0x00000000ffb00000, 0x00000000ffc00000, 0x00000000ffc00000|100%| E|CS|TAMS 0x00000000ffb00000, 0x00000000ffb00000| Complete 
|  60|0x00000000ffc00000, 0x00000000ffd00000, 0x00000000ffd00000|100%| E|CS|TAMS 0x00000000ffc00000, 0x00000000ffc00000| Complete 
|  61|0x00000000ffd00000, 0x00000000ffe00000, 0x00000000ffe00000|100%| E|CS|TAMS 0x00000000ffd00000, 0x00000000ffd00000| Complete 
|  62|0x00000000ffe00000, 0x00000000fff00000, 0x00000000fff00000|100%| E|CS|TAMS 0x00000000ffe00000, 0x00000000ffe00000| Complete 
|  63|0x00000000fff00000, 0x0000000100000000, 0x0000000100000000|100%| E|CS|TAMS 0x00000000fff00000, 0x00000000fff00000| Complete 

Card table byte_map: [0x00000221e0ac0000,0x00000221e0ae0000] _byte_map_base: 0x00000221e02e0000

Marking Bits (Prev, Next): (CMBitMap*) 0x00000221e2944948, (CMBitMap*) 0x00000221e2944980
 Prev Bits: [0x00000221e2750000, 0x00000221e2850000)
 Next Bits: [0x00000221f8f50000, 0x00000221f9050000)

Polling page: 0x00000221e07e0000

Metaspace:

Usage:
  Non-class:     33.36 MB capacity,    32.60 MB ( 98%) used,   638.19 KB (  2%) free+waste,   134.44 KB ( <1%) overhead. 
      Class:      5.00 MB capacity,     4.54 MB ( 91%) used,   401.09 KB (  8%) free+waste,    68.56 KB (  1%) overhead. 
       Both:     38.36 MB capacity,    37.15 MB ( 97%) used,     1.01 MB (  3%) free+waste,   203.00 KB ( <1%) overhead. 

Virtual space:
  Non-class space:       34.00 MB reserved,      33.42 MB ( 98%) committed 
      Class space:        1.00 GB reserved,       5.11 MB ( <1%) committed 
             Both:        1.03 GB reserved,      38.53 MB (  4%) committed 

Chunk freelists:
   Non-Class:  256 bytes
       Class:  0 bytes
        Both:  256 bytes

CodeHeap 'non-profiled nmethods': size=238912Kb used=8412Kb max_used=8412Kb free=230499Kb
 bounds [0x00000221ea600000, 0x00000221eae40000, 0x00000221f8f50000]
CodeHeap 'non-nmethods': size=6848Kb used=1182Kb max_used=1182Kb free=5665Kb
 bounds [0x00000221e9f50000, 0x00000221ea1c0000, 0x00000221ea600000]
 total_blobs=5700 nmethods=5167 adapters=460
 compilation: enabled
              stopped_count=0, restarted_count=0
 full_count=0

Compilation events (10 events):
Event: 15459.552 Thread 0x00000221fbe5d800 5170       1       org.apache.catalina.session.ManagerBase::findSessions (22 bytes)
Event: 15459.552 Thread 0x00000221fbe5d800 nmethod 5170 0x00000221eae32b90 code [0x00000221eae32d40, 0x00000221eae32f38]
Event: 22741.513 Thread 0x00000221fbe5d800 5171       1       java.util.concurrent.ConcurrentSkipListMap::addIndices (211 bytes)
Event: 22741.520 Thread 0x00000221fbe5d800 nmethod 5171 0x00000221eae33010 code [0x00000221eae332e0, 0x00000221eae340a8]
Event: 42105.771 Thread 0x00000221fbe5d800 5172 % !   1       java.util.concurrent.ThreadPoolExecutor::runWorker @ 21 (187 bytes)
Event: 42105.775 Thread 0x00000221fbe5d800 nmethod 5172% 0x00000221eae34810 code [0x00000221eae34aa0, 0x00000221eae353f8]
Event: 42105.779 Thread 0x00000221fbe5d800 5173   !   1       java.util.concurrent.ThreadPoolExecutor::runWorker (187 bytes)
Event: 42105.783 Thread 0x00000221fbe5d800 nmethod 5173 0x00000221eae35b10 code [0x00000221eae35dc0, 0x00000221eae36638]
Event: 42105.783 Thread 0x00000221fbe5d800 5174       1       java.util.concurrent.ThreadPoolExecutor$Worker::tryRelease (12 bytes)
Event: 42105.783 Thread 0x00000221fbe5d800 nmethod 5174 0x00000221eae36e90 code [0x00000221eae37020, 0x00000221eae37118]

GC Heap History (10 events):
Event: 30036.533 GC heap before
{Heap before GC invocations=37 (full 0):
 garbage-first heap   total 65536K, used 53961K [0x00000000fc000000, 0x0000000100000000)
  region size 1024K, 38 young (38912K), 1 survivors (1024K)
 Metaspace       used 38036K, capacity 39279K, committed 39452K, reserved 1083392K
  class space    used 4651K, capacity 5121K, committed 5228K, reserved 1048576K
}
Event: 30036.534 GC heap after
{Heap after GC invocations=38 (full 0):
 garbage-first heap   total 65536K, used 16077K [0x00000000fc000000, 0x0000000100000000)
  region size 1024K, 1 young (1024K), 1 survivors (1024K)
 Metaspace       used 38036K, capacity 39279K, committed 39452K, reserved 1083392K
  class space    used 4651K, capacity 5121K, committed 5228K, reserved 1048576K
}
Event: 31290.366 GC heap before
{Heap before GC invocations=38 (full 0):
 garbage-first heap   total 65536K, used 53965K [0x00000000fc000000, 0x0000000100000000)
  region size 1024K, 38 young (38912K), 1 survivors (1024K)
 Metaspace       used 38036K, capacity 39279K, committed 39452K, reserved 1083392K
  class space    used 4651K, capacity 5121K, committed 5228K, reserved 1048576K
}
Event: 31290.367 GC heap after
{Heap after GC invocations=39 (full 0):
 garbage-first heap   total 65536K, used 16077K [0x00000000fc000000, 0x0000000100000000)
  region size 1024K, 1 young (1024K), 1 survivors (1024K)
 Metaspace       used 38036K, capacity 39279K, committed 39452K, reserved 1083392K
  class space    used 4651K, capacity 5121K, committed 5228K, reserved 1048576K
}
Event: 71508.718 GC heap before
{Heap before GC invocations=39 (full 0):
 garbage-first heap   total 65536K, used 53965K [0x00000000fc000000, 0x0000000100000000)
  region size 1024K, 38 young (38912K), 1 survivors (1024K)
 Metaspace       used 38036K, capacity 39279K, committed 39452K, reserved 1083392K
  class space    used 4651K, capacity 5121K, committed 5228K, reserved 1048576K
}
Event: 71508.720 GC heap after
{Heap after GC invocations=40 (full 0):
 garbage-first heap   total 65536K, used 16073K [0x00000000fc000000, 0x0000000100000000)
  region size 1024K, 1 young (1024K), 1 survivors (1024K)
 Metaspace       used 38036K, capacity 39279K, committed 39452K, reserved 1083392K
  class space    used 4651K, capacity 5121K, committed 5228K, reserved 1048576K
}
Event: 72800.853 GC heap before
{Heap before GC invocations=40 (full 0):
 garbage-first heap   total 65536K, used 53961K [0x00000000fc000000, 0x0000000100000000)
  region size 1024K, 38 young (38912K), 1 survivors (1024K)
 Metaspace       used 38036K, capacity 39279K, committed 39452K, reserved 1083392K
  class space    used 4651K, capacity 5121K, committed 5228K, reserved 1048576K
}
Event: 72800.869 GC heap after
{Heap after GC invocations=41 (full 0):
 garbage-first heap   total 65536K, used 16077K [0x00000000fc000000, 0x0000000100000000)
  region size 1024K, 1 young (1024K), 1 survivors (1024K)
 Metaspace       used 38036K, capacity 39279K, committed 39452K, reserved 1083392K
  class space    used 4651K, capacity 5121K, committed 5228K, reserved 1048576K
}
Event: 74162.566 GC heap before
{Heap before GC invocations=41 (full 0):
 garbage-first heap   total 65536K, used 53965K [0x00000000fc000000, 0x0000000100000000)
  region size 1024K, 38 young (38912K), 1 survivors (1024K)
 Metaspace       used 38036K, capacity 39279K, committed 39452K, reserved 1083392K
  class space    used 4651K, capacity 5121K, committed 5228K, reserved 1048576K
}
Event: 74162.583 GC heap after
{Heap after GC invocations=42 (full 0):
 garbage-first heap   total 65536K, used 16080K [0x00000000fc000000, 0x0000000100000000)
  region size 1024K, 1 young (1024K), 1 survivors (1024K)
 Metaspace       used 38036K, capacity 39279K, committed 39452K, reserved 1083392K
  class space    used 4651K, capacity 5121K, committed 5228K, reserved 1048576K
}

Deoptimization events (0 events):
No events

Classes redefined (0 events):
No events

Internal exceptions (10 events):
Event: 74426.313 Thread 0x00000221fdb1a800 Exception <a 'java/io/FileNotFoundException'{0x00000000ff866890}> (0x00000000ff866890) thrown at [./open/src/hotspot/share/prims/jni.cpp, line 611]
Event: 74426.313 Thread 0x00000221fdb1a800 Exception <a 'java/io/FileNotFoundException'{0x00000000ff867020}> (0x00000000ff867020) thrown at [./open/src/hotspot/share/prims/jni.cpp, line 611]
Event: 74436.343 Thread 0x00000221fdb1a800 Exception <a 'java/io/FileNotFoundException'{0x00000000ff86a040}> (0x00000000ff86a040) thrown at [./open/src/hotspot/share/prims/jni.cpp, line 611]
Event: 74436.343 Thread 0x00000221fdb1a800 Exception <a 'java/io/FileNotFoundException'{0x00000000ff86a7d0}> (0x00000000ff86a7d0) thrown at [./open/src/hotspot/share/prims/jni.cpp, line 611]
Event: 74446.360 Thread 0x00000221fdb1a800 Exception <a 'java/io/FileNotFoundException'{0x00000000ff86d7f0}> (0x00000000ff86d7f0) thrown at [./open/src/hotspot/share/prims/jni.cpp, line 611]
Event: 74446.360 Thread 0x00000221fdb1a800 Exception <a 'java/io/FileNotFoundException'{0x00000000ff86df80}> (0x00000000ff86df80) thrown at [./open/src/hotspot/share/prims/jni.cpp, line 611]
Event: 74456.374 Thread 0x00000221fdb1a800 Exception <a 'java/io/FileNotFoundException'{0x00000000ff75c250}> (0x00000000ff75c250) thrown at [./open/src/hotspot/share/prims/jni.cpp, line 611]
Event: 74456.374 Thread 0x00000221fdb1a800 Exception <a 'java/io/FileNotFoundException'{0x00000000ff75c9e0}> (0x00000000ff75c9e0) thrown at [./open/src/hotspot/share/prims/jni.cpp, line 611]
Event: 74466.395 Thread 0x00000221fdb1a800 Exception <a 'java/io/FileNotFoundException'{0x00000000ff75fa00}> (0x00000000ff75fa00) thrown at [./open/src/hotspot/share/prims/jni.cpp, line 611]
Event: 74466.395 Thread 0x00000221fdb1a800 Exception <a 'java/io/FileNotFoundException'{0x00000000ff760190}> (0x00000000ff760190) thrown at [./open/src/hotspot/share/prims/jni.cpp, line 611]

Events (10 events):
Event: 74457.803 Executing VM operation: RevokeBias
Event: 74457.803 Executing VM operation: RevokeBias done
Event: 74457.803 Thread 0x00000221fddec000 Thread exited: 0x00000221fddec000
Event: 74462.743 Thread 0x00000221fddec000 Thread added: 0x00000221fddec000
Event: 74467.771 Executing VM operation: RevokeBias
Event: 74467.772 Executing VM operation: RevokeBias done
Event: 74467.772 Executing VM operation: RevokeBias
Event: 74467.772 Executing VM operation: RevokeBias done
Event: 74467.772 Thread 0x00000221fddec000 Thread exited: 0x00000221fddec000
Event: 74472.769 Thread 0x00000221fddec000 Thread added: 0x00000221fddec000


Dynamic libraries:
0x00007ff6ca210000 - 0x00007ff6ca21f000 	E:\Program Files\Java\jdk-11.0.13\bin\java.exe
0x00007ff927a10000 - 0x00007ff927c05000 	C:\Windows\SYSTEM32\ntdll.dll
0x00007ff925a70000 - 0x00007ff925b2e000 	C:\Windows\System32\KERNEL32.DLL
0x00007ff9254e0000 - 0x00007ff9257a8000 	C:\Windows\System32\KERNELBASE.dll
0x00007ff925970000 - 0x00007ff925a70000 	C:\Windows\System32\ucrtbase.dll
0x00007ff913e40000 - 0x00007ff913e58000 	E:\Program Files\Java\jdk-11.0.13\bin\jli.dll
0x00007ff926fb0000 - 0x00007ff92705e000 	C:\Windows\System32\ADVAPI32.dll
0x00007ff926de0000 - 0x00007ff926e7e000 	C:\Windows\System32\msvcrt.dll
0x00007ff926be0000 - 0x00007ff926c7c000 	C:\Windows\System32\sechost.dll
0x00007ff925fe0000 - 0x00007ff926105000 	C:\Windows\System32\RPCRT4.dll
0x00007ff925e40000 - 0x00007ff925fe0000 	C:\Windows\System32\USER32.dll
0x00007ff9252e0000 - 0x00007ff925302000 	C:\Windows\System32\win32u.dll
0x00007ff925cf0000 - 0x00007ff925d1b000 	C:\Windows\System32\GDI32.dll
0x00007ff9251d0000 - 0x00007ff9252db000 	C:\Windows\System32\gdi32full.dll
0x00007ff925130000 - 0x00007ff9251cd000 	C:\Windows\System32\msvcp_win.dll
0x00007ff91a140000 - 0x00007ff91a155000 	E:\Program Files\Java\jdk-11.0.13\bin\VCRUNTIME140.dll
0x00007ff914e10000 - 0x00007ff9150aa000 	C:\Windows\WinSxS\amd64_microsoft.windows.common-controls_6595b64144ccf1df_6.0.19041.1110_none_60b5254171f9507e\COMCTL32.dll
0x00007ff91bb10000 - 0x00007ff91bb1a000 	C:\Windows\SYSTEM32\VERSION.dll
0x00007ff9263a0000 - 0x00007ff9263d0000 	C:\Windows\System32\IMM32.DLL
0x00007ff8ff760000 - 0x00007ff8ff7fb000 	E:\Program Files\Java\jdk-11.0.13\bin\msvcp140.dll
0x00007ff8ebc70000 - 0x00007ff8ec783000 	E:\Program Files\Java\jdk-11.0.13\bin\server\jvm.dll
0x00007ff926dd0000 - 0x00007ff926dd8000 	C:\Windows\System32\PSAPI.DLL
0x00007ff920290000 - 0x00007ff920299000 	C:\Windows\SYSTEM32\WSOCK32.dll
0x00007ff9278b0000 - 0x00007ff92791b000 	C:\Windows\System32\WS2_32.dll
0x00007ff91bae0000 - 0x00007ff91bb07000 	C:\Windows\SYSTEM32\WINMM.dll
0x00007ff923040000 - 0x00007ff923052000 	C:\Windows\SYSTEM32\kernel.appcore.dll
0x00007ff91cd60000 - 0x00007ff91cd70000 	E:\Program Files\Java\jdk-11.0.13\bin\verify.dll
0x00007ff912180000 - 0x00007ff912364000 	C:\Windows\SYSTEM32\DBGHELP.DLL
0x00007ff9120c0000 - 0x00007ff9120ec000 	C:\Windows\SYSTEM32\dbgcore.DLL
0x00007ff9258b0000 - 0x00007ff925932000 	C:\Windows\System32\bcryptPrimitives.dll
0x00007ff910510000 - 0x00007ff910538000 	E:\Program Files\Java\jdk-11.0.13\bin\java.dll
0x00007ff913e20000 - 0x00007ff913e2a000 	E:\Program Files\Java\jdk-11.0.13\bin\jimage.dll
0x00007ff913cf0000 - 0x00007ff913cfe000 	E:\Program Files\Java\jdk-11.0.13\bin\instrument.dll
0x00007ff911ad0000 - 0x00007ff911ae6000 	E:\Program Files\Java\jdk-11.0.13\bin\zip.dll
0x00007ff926490000 - 0x00007ff926bd4000 	C:\Windows\System32\SHELL32.dll
0x00007ff923240000 - 0x00007ff9239d4000 	C:\Windows\SYSTEM32\windows.storage.dll
0x00007ff9270e0000 - 0x00007ff927434000 	C:\Windows\System32\combase.dll
0x00007ff924b20000 - 0x00007ff924b4c000 	C:\Windows\SYSTEM32\Wldp.dll
0x00007ff927920000 - 0x00007ff9279cd000 	C:\Windows\System32\SHCORE.dll
0x00007ff926430000 - 0x00007ff926485000 	C:\Windows\System32\shlwapi.dll
0x00007ff925070000 - 0x00007ff92508f000 	C:\Windows\SYSTEM32\profapi.dll
0x00007ff911a20000 - 0x00007ff911a39000 	E:\Program Files\Java\jdk-11.0.13\bin\net.dll
0x00007ff915e30000 - 0x00007ff915f39000 	C:\Windows\SYSTEM32\WINHTTP.dll
0x00007ff924820000 - 0x00007ff92488a000 	C:\Windows\system32\mswsock.dll
0x00007ff910bd0000 - 0x00007ff910be2000 	E:\Program Files\Java\jdk-11.0.13\bin\nio.dll
0x00007ff910420000 - 0x00007ff91043a000 	E:\Program Files\JetBrains\IntelliJ IDEA 2020.1.2\bin\breakgen64.dll
0x00007ff924550000 - 0x00007ff92461a000 	C:\Windows\SYSTEM32\DNSAPI.dll
0x00007ff924510000 - 0x00007ff92454b000 	C:\Windows\SYSTEM32\IPHLPAPI.DLL
0x00007ff926c80000 - 0x00007ff926c88000 	C:\Windows\System32\NSI.dll
0x00007ff915d70000 - 0x00007ff915d7a000 	C:\Windows\System32\rasadhlp.dll
0x00007ff915db0000 - 0x00007ff915e2f000 	C:\Windows\System32\fwpuclnt.dll
0x00007ff925940000 - 0x00007ff925967000 	C:\Windows\System32\bcrypt.dll
0x00007ff913840000 - 0x00007ff913849000 	E:\Program Files\Java\jdk-11.0.13\bin\management.dll
0x00007ff9109c0000 - 0x00007ff9109cb000 	E:\Program Files\Java\jdk-11.0.13\bin\management_ext.dll
0x00007ff924a70000 - 0x00007ff924a88000 	C:\Windows\SYSTEM32\CRYPTSP.dll
0x00007ff9241a0000 - 0x00007ff9241d4000 	C:\Windows\system32\rsaenh.dll
0x00007ff924ff0000 - 0x00007ff92501e000 	C:\Windows\SYSTEM32\USERENV.dll
0x00007ff924a90000 - 0x00007ff924a9c000 	C:\Windows\SYSTEM32\CRYPTBASE.dll
0x00007ff919fe0000 - 0x00007ff919ff7000 	C:\Windows\SYSTEM32\dhcpcsvc6.DLL
0x00007ff91a0b0000 - 0x00007ff91a0cd000 	C:\Windows\SYSTEM32\dhcpcsvc.DLL
0x00007ff90fc10000 - 0x00007ff90fc27000 	C:\Windows\system32\napinsp.dll
0x00007ff90fbf0000 - 0x00007ff90fc0b000 	C:\Windows\system32\pnrpnsp.dll
0x00007ff90bb00000 - 0x00007ff90bb15000 	C:\Windows\system32\wshbth.dll
0x00007ff920130000 - 0x00007ff92014d000 	C:\Windows\system32\NLAapi.dll
0x00007ff90fbd0000 - 0x00007ff90fbe2000 	C:\Windows\System32\winrnr.dll

dbghelp: loaded successfully - version: 4.0.5 - missing functions: none
symbol engine: initialized successfully - sym options: 0x614 - pdb path: .;E:\Program Files\Java\jdk-11.0.13\bin;C:\Windows\SYSTEM32;C:\Windows\WinSxS\amd64_microsoft.windows.common-controls_6595b64144ccf1df_6.0.19041.1110_none_60b5254171f9507e;E:\Program Files\Java\jdk-11.0.13\bin\server;E:\Program Files\JetBrains\IntelliJ IDEA 2020.1.2\bin

VM Arguments:
jvm_args: -Xms64m -Xmx64m -XX:TieredStopAtLevel=1 -Xverify:none -Dspring.output.ansi.enabled=always -Dcom.sun.management.jmxremote -Dspring.jmx.enabled=true -Dspring.liveBeansView.mbeanDomain -Dspring.application.admin.enabled=true -javaagent:E:\Program Files\JetBrains\IntelliJ IDEA 2020.1.2\lib\idea_rt.jar=56339:E:\Program Files\JetBrains\IntelliJ IDEA 2020.1.2\bin -Dfile.encoding=UTF-8 
java_command: com.atguigu.thirdparty.ThirdPartyApplication
java_class_path (initial): E:\idea\gulimall\gulimall-third-party\target\classes;C:\Users\zwq\.m2\repository\com\alibaba\cloud\spring-cloud-starter-alibaba-nacos-discovery\2.1.1.RELEASE\spring-cloud-starter-alibaba-nacos-discovery-2.1.1.RELEASE.jar;C:\Users\zwq\.m2\repository\com\alibaba\cloud\spring-cloud-alibaba-nacos-discovery\2.1.1.RELEASE\spring-cloud-alibaba-nacos-discovery-2.1.1.RELEASE.jar;C:\Users\zwq\.m2\repository\com\alibaba\nacos\nacos-client\1.1.4\nacos-client-1.1.4.jar;C:\Users\zwq\.m2\repository\com\alibaba\nacos\nacos-common\1.1.4\nacos-common-1.1.4.jar;C:\Users\zwq\.m2\repository\org\slf4j\slf4j-api\1.7.30\slf4j-api-1.7.30.jar;C:\Users\zwq\.m2\repository\commons-io\commons-io\2.2\commons-io-2.2.jar;C:\Users\zwq\.m2\repository\org\apache\commons\commons-lang3\3.9\commons-lang3-3.9.jar;C:\Users\zwq\.m2\repository\com\alibaba\nacos\nacos-api\1.1.4\nacos-api-1.1.4.jar;C:\Users\zwq\.m2\repository\com\google\guava\guava\22.0\guava-22.0.jar;C:\Users\zwq\.m2\repository\com\google\code\findbugs\jsr305\1.3.9\jsr305-1.3.9.jar;C:\Users\zwq\.m2\repository\com\google\errorprone\error_prone_annotations\2.0.18\error_prone_annotations-2.0.18.jar;C:\Users\zwq\.m2\repository\com\google\j2objc\j2objc-annotations\1.1\j2objc-annotations-1.1.jar;C:\Users\zwq\.m2\repository\org\codehaus\mojo\animal-sniffer-annotations\1.14\animal-sniffer-annotations-1.14.jar;C:\Users\zwq\.m2\repository\commons-codec\commons-codec\1.13\commons-codec-1.13.jar;C:\Users\zwq\.m2\repository\com\fasterxml\jackson\core\jackson-core\2.10.3\jackson-core-2.10.3.jar;C:\Users\zwq\.m2\repository\io\prometheus\simpleclient\0.5.0\simpleclient-0.5.0.jar;C:\Users\zwq\.m2\repository\org\springframework\cloud\spring-cloud-commons\2.1.3.RELEASE\spring-cloud-commons-2.1.3.RELEASE.jar;C:\Users\zwq\.m2\repository\org\springframework\security\spring-security-crypto\5.2.2.RELEASE\spring-security-crypto-5.2.2.RELEASE.jar;C:\Users\zwq\.m2\repository\org\springframework\cloud\spring-cloud-context\2.1.3.RELEASE\sprin
Launcher Type: SUN_STANDARD

[Global flags]
     bool BytecodeVerificationLocal                = false                                     {product} {command line}
     bool BytecodeVerificationRemote               = false                                     {product} {command line}
     intx CICompilerCount                          = 3                                         {product} {ergonomic}
     uint ConcGCThreads                            = 1                                         {product} {ergonomic}
     uint G1ConcRefinementThreads                  = 4                                         {product} {ergonomic}
   size_t G1HeapRegionSize                         = 1048576                                   {product} {ergonomic}
    uintx GCDrainStackTargetSize                   = 64                                        {product} {ergonomic}
   size_t InitialHeapSize                          = 67108864                                  {product} {command line}
     bool ManagementServer                         = true                                      {product} {command line}
   size_t MarkStackSize                            = 4194304                                   {product} {ergonomic}
   size_t MaxHeapSize                              = 67108864                                  {product} {command line}
   size_t MaxNewSize                               = 39845888                                  {product} {ergonomic}
   size_t MinHeapDeltaBytes                        = 1048576                                   {product} {ergonomic}
    uintx NonNMethodCodeHeapSize                   = 6973028                                {pd product} {ergonomic}
    uintx NonProfiledCodeHeapSize                  = 244685212                              {pd product} {ergonomic}
    uintx ProfiledCodeHeapSize                     = 0                                      {pd product} {ergonomic}
    uintx ReservedCodeCacheSize                    = 251658240                              {pd product} {ergonomic}
     bool SegmentedCodeCache                       = true                                      {product} {ergonomic}
     intx TieredStopAtLevel                        = 1                                         {product} {command line}
     bool UseCompressedClassPointers               = true                                 {lp64_product} {ergonomic}
     bool UseCompressedOops                        = true                                 {lp64_product} {ergonomic}
     bool UseG1GC                                  = true                                      {product} {ergonomic}
     bool UseLargePagesIndividualAllocation        = false                                  {pd product} {ergonomic}

Logging:
Log output configuration:
 #0: stdout all=warning uptime,level,tags
 #1: stderr all=off uptime,level,tags

Environment Variables:
JAVA_HOME=E:\Program Files\Java\jdk-11.0.13
PATH=C:\Windows\system32;C:\Windows;C:\Windows\System32\Wbem;C:\Windows\System32\WindowsPowerShell\v1.0\;C:\Windows\System32\OpenSSH\;E:\Program Files\Java\jdk-11.0.13\bin;E:\Program Files\nodejs\;E:\Program Files\Git\cmd;C:\Users\zwq\AppData\Local\Microsoft\WindowsApps;C:\Users\zwq\AppData\Roaming\npm;E:\Programs\Microsoft VS Code\bin;E:\Program Files\JetBrains\IntelliJ IDEA 2020.1.2\bin;
USERNAME=zwq
OS=Windows_NT
PROCESSOR_IDENTIFIER=AMD64 Family 22 Model 48 Stepping 1, AuthenticAMD



---------------  S Y S T E M  ---------------

OS: Windows 10 , 64 bit Build 19041 (10.0.19041.1566)

CPU:total 4 (initial active 4) (4 cores per cpu, 1 threads per core) family 22 model 48 stepping 1 microcode 0x0, cmov, cx8, fxsr, mmx, sse, sse2, sse3, ssse3, sse4.1, sse4.2, popcnt, avx, aes, clmul, mmxext, 3dnowpref, lzcnt, sse4a, tsc, tscinvbit, tscinv, bmi1

Memory: 4k page, system-wide physical 15323M (1074M free)
TotalPageFile size 45248M (AvailPageFile size 0M)
current process WorkingSet (physical memory assigned to process): 37M, peak: 143M
current process commit charge ("private bytes"): 189M, peak: 192M

vm_info: Java HotSpot(TM) 64-Bit Server VM (11.0.13+10-LTS-370) for windows-amd64 JRE (11.0.13+10-LTS-370), built on Sep 15 2021 22:10:36 by "mach5one" with MS VC++ 15.9 (VS2017)

END.
